mode: set
github.com/marthjod/bingo/model/wordtype/wordtype.go:40.42,41.30 1 1
github.com/marthjod/bingo/model/wordtype/wordtype.go:47.2,47.16 1 1
github.com/marthjod/bingo/model/wordtype/wordtype.go:41.30,42.51 1 1
github.com/marthjod/bingo/model/wordtype/wordtype.go:42.51,44.4 1 1
github.com/marthjod/bingo/model/wordtype/wordtype.go:51.31,53.16 2 0
github.com/marthjod/bingo/model/wordtype/wordtype.go:56.2,56.18 1 0
github.com/marthjod/bingo/model/wordtype/wordtype.go:53.16,55.3 1 0
github.com/marthjod/bingo/model/wordtype/wordtype.go:60.31,63.26 2 0
github.com/marthjod/bingo/model/wordtype/wordtype.go:67.2,67.24 1 0
github.com/marthjod/bingo/model/wordtype/wordtype.go:63.26,65.3 1 0
github.com/marthjod/bingo/model/wordtype/wordtype.go:71.59,75.16 3 1
github.com/marthjod/bingo/model/wordtype/wordtype.go:79.2,80.25 2 1
github.com/marthjod/bingo/model/wordtype/wordtype.go:75.16,77.3 1 0
github.com/marthjod/bingo/model/wordtype/wordtype_jsonenums.go:26.13,28.48 2 1
github.com/marthjod/bingo/model/wordtype/wordtype_jsonenums.go:28.48,35.3 1 1
github.com/marthjod/bingo/model/wordtype/wordtype_jsonenums.go:39.49,40.48 1 0
github.com/marthjod/bingo/model/wordtype/wordtype_jsonenums.go:43.2,44.9 2 0
github.com/marthjod/bingo/model/wordtype/wordtype_jsonenums.go:47.2,47.24 1 0
github.com/marthjod/bingo/model/wordtype/wordtype_jsonenums.go:40.48,42.3 1 0
github.com/marthjod/bingo/model/wordtype/wordtype_jsonenums.go:44.9,46.3 1 0
github.com/marthjod/bingo/model/wordtype/wordtype_jsonenums.go:51.53,53.49 2 0
github.com/marthjod/bingo/model/wordtype/wordtype_jsonenums.go:56.2,57.9 2 0
github.com/marthjod/bingo/model/wordtype/wordtype_jsonenums.go:60.2,61.12 2 0
github.com/marthjod/bingo/model/wordtype/wordtype_jsonenums.go:53.49,55.3 1 0
github.com/marthjod/bingo/model/wordtype/wordtype_jsonenums.go:57.9,59.3 1 0
github.com/marthjod/bingo/model/wordtype/wordtype_string.go:11.35,12.52 1 1
github.com/marthjod/bingo/model/wordtype/wordtype_string.go:15.2,15.64 1 1
github.com/marthjod/bingo/model/wordtype/wordtype_string.go:12.52,14.3 1 0
