mode: set
github.com/marthjod/bingo/model/noun/noun.go:28.57,33.18 3 1
github.com/marthjod/bingo/model/noun/noun.go:88.2,88.11 1 1
github.com/marthjod/bingo/model/noun/noun.go:33.18,35.16 2 1
github.com/marthjod/bingo/model/noun/noun.go:85.3,85.10 1 1
github.com/marthjod/bingo/model/noun/noun.go:36.10,41.6 1 1
github.com/marthjod/bingo/model/noun/noun.go:42.10,47.6 1 1
github.com/marthjod/bingo/model/noun/noun.go:48.10,53.6 1 1
github.com/marthjod/bingo/model/noun/noun.go:54.10,59.6 1 1
github.com/marthjod/bingo/model/noun/noun.go:60.10,65.6 1 1
github.com/marthjod/bingo/model/noun/noun.go:66.10,71.6 1 1
github.com/marthjod/bingo/model/noun/noun.go:72.10,77.6 1 1
github.com/marthjod/bingo/model/noun/noun.go:78.10,83.6 1 1
github.com/marthjod/bingo/model/noun/noun.go:92.30,94.16 2 1
github.com/marthjod/bingo/model/noun/noun.go:97.2,97.18 1 1
github.com/marthjod/bingo/model/noun/noun.go:94.16,96.3 1 0
github.com/marthjod/bingo/model/noun/noun.go:101.32,103.32 2 1
github.com/marthjod/bingo/model/noun/noun.go:107.2,107.10 1 1
github.com/marthjod/bingo/model/noun/noun.go:103.32,105.3 1 1
github.com/marthjod/bingo/model/noun/noun.go:111.58,115.16 3 1
github.com/marthjod/bingo/model/noun/noun.go:119.2,120.25 2 1
github.com/marthjod/bingo/model/noun/noun.go:115.16,117.3 1 0
